2020-06-22 22:50:06 [scrapy.utils.log] INFO: Scrapy 2.1.0 started (bot: scrapy_crawl)
2020-06-22 22:50:06 [scrapy.utils.log] INFO: Versions: lxml 4.5.1.0, libxml2 2.9.10, cssselect 1.1.0, parsel 1.6.0, w3lib 1.22.0, Twisted 20.3.0, Python 3.7.7 (default, Mar 13 2020, 10:23:39) - [GCC 9.2.1 20190827 (Red Hat 9.2.1-1)], pyOpenSSL 19.1.0 (OpenSSL 1.1.1g  21 Apr 2020), cryptography 2.9.2, Platform Linux-5.6.13-200.fc31.x86_64-x86_64-with-fedora-31-Thirty_One
2020-06-22 22:50:06 [scrapy.utils.log] DEBUG: Using reactor: twisted.internet.epollreactor.EPollReactor
2020-06-22 22:50:06 [scrapy.crawler] INFO: Overridden settings:
{'BOT_NAME': 'scrapy_crawl',
 'LOG_FILE': 'logs/default/imdb_crawl/b58a70bab4da11ea8dbbc417fe6cdce7.log',
 'NEWSPIDER_MODULE': 'scrapy_crawl.spiders',
 'ROBOTSTXT_OBEY': True,
 'SPIDER_MODULES': ['scrapy_crawl.spiders']}
2020-06-22 22:50:06 [scrapy.extensions.telnet] INFO: Telnet Password: da7859dab9227421
2020-06-22 22:50:07 [scrapy.middleware] INFO: Enabled extensions:
['scrapy.extensions.corestats.CoreStats',
 'scrapy.extensions.telnet.TelnetConsole',
 'scrapy.extensions.memusage.MemoryUsage',
 'scrapy.extensions.logstats.LogStats']
2020-06-22 22:50:07 [scrapy.middleware] INFO: Enabled downloader middlewares:
['scrapy.downloadermiddlewares.robotstxt.RobotsTxtMiddleware',
 'scrapy.downloadermiddlewares.httpauth.HttpAuthMiddleware',
 'scrapy.downloadermiddlewares.downloadtimeout.DownloadTimeoutMiddleware',
 'scrapy.downloadermiddlewares.defaultheaders.DefaultHeadersMiddleware',
 'scrapy.downloadermiddlewares.useragent.UserAgentMiddleware',
 'scrapy.downloadermiddlewares.retry.RetryMiddleware',
 'scrapy.downloadermiddlewares.redirect.MetaRefreshMiddleware',
 'scrapy.downloadermiddlewares.httpcompression.HttpCompressionMiddleware',
 'scrapy.downloadermiddlewares.redirect.RedirectMiddleware',
 'scrapy.downloadermiddlewares.cookies.CookiesMiddleware',
 'scrapy.downloadermiddlewares.httpproxy.HttpProxyMiddleware',
 'scrapy.downloadermiddlewares.stats.DownloaderStats']
2020-06-22 22:50:07 [scrapy.middleware] INFO: Enabled spider middlewares:
['scrapy.spidermiddlewares.httperror.HttpErrorMiddleware',
 'scrapy.spidermiddlewares.offsite.OffsiteMiddleware',
 'scrapy.spidermiddlewares.referer.RefererMiddleware',
 'scrapy.spidermiddlewares.urllength.UrlLengthMiddleware',
 'scrapy.spidermiddlewares.depth.DepthMiddleware']
2020-06-22 22:50:07 [scrapy.middleware] INFO: Enabled item pipelines:
['scrapy_crawl.pipelines.ScrapyCrawlPipeline']
2020-06-22 22:50:07 [scrapy.core.engine] INFO: Spider opened
2020-06-22 22:50:07 [scrapy.extensions.logstats] INFO: Crawled 0 pages (at 0 pages/min), scraped 0 items (at 0 items/min)
2020-06-22 22:50:07 [scrapy.extensions.telnet] INFO: Telnet console listening on 127.0.0.1:6024
2020-06-22 22:50:31 [scrapy.core.engine] DEBUG: Crawled (200) <GET https://www.imdb.com/robots.txt> (referer: None)
2020-06-22 22:51:07 [scrapy.extensions.logstats] INFO: Crawled 1 pages (at 1 pages/min), scraped 0 items (at 0 items/min)
2020-06-22 22:51:10 [scrapy.core.engine] DEBUG: Crawled (200) <GET https://www.imdb.com/title/tt4460792/> (referer: None)
2020-06-22 22:51:11 [scrapy.spidermiddlewares.offsite] DEBUG: Filtered offsite request to 'zergnet.com': <GET https://zergnet.com/privacy-widget>
2020-06-22 22:51:11 [scrapy.dupefilters] DEBUG: Filtered duplicate request: <GET https://www.imdb.com/title/tt4460792/fullcredits#cast> - no more duplicates will be shown (see DUPEFILTER_DEBUG to show all duplicates)
2020-06-22 22:51:11 [scrapy.spidermiddlewares.offsite] DEBUG: Filtered offsite request to 'www.boxofficemojo.com': <GET https://www.boxofficemojo.com>
2020-06-22 22:51:11 [scrapy.spidermiddlewares.offsite] DEBUG: Filtered offsite request to 'advertising.amazon.com': <GET https://advertising.amazon.com/products/display-ads>
2020-06-22 22:51:11 [scrapy.spidermiddlewares.offsite] DEBUG: Filtered offsite request to 'www.amazon.jobs': <GET https://www.amazon.jobs/en/teams/imdb?ref_=ft_jb>
2020-06-22 22:51:27 [scrapy.downloadermiddlewares.retry] DEBUG: Retrying <GET https://m.imdb.com/robots.txt> (failed 1 times): DNS lookup failed: no results for hostname lookup: m.imdb.com.
2020-06-22 22:51:32 [scrapy.crawler] INFO: Received SIGINT, shutting down gracefully. Send again to force 
2020-06-22 22:51:32 [scrapy.core.engine] INFO: Closing spider (shutdown)
2020-06-22 22:51:57 [scrapy.core.engine] DEBUG: Crawled (200) <GET https://m.imdb.com/robots.txt> (referer: None)
2020-06-22 22:51:59 [scrapy.downloadermiddlewares.redirect] DEBUG: Redirecting (302) to <GET https://m.imdb.com/chart/bestpicture/?ref_=nv_ch_osc> from <GET https://m.imdb.com/feature/bestpicture/?ref_=nv_ch_osc>
2020-06-22 22:52:07 [scrapy.extensions.logstats] INFO: Crawled 3 pages (at 2 pages/min), scraped 0 items (at 0 items/min)
2020-06-22 22:52:13 [scrapy.downloadermiddlewares.redirect] DEBUG: Redirecting (301) to <GET https://www.imdb.com/india/tv/?ref_=nv_tv_in> from <GET https://www.imdb.com/india/tv?ref_=nv_tv_in>
2020-06-22 22:52:13 [scrapy.core.engine] DEBUG: Crawled (200) <GET https://www.imdb.com/news/tv/?ref_=nv_nw_tv> (referer: https://www.imdb.com/title/tt4460792/)
2020-06-22 22:52:14 [scrapy.core.scraper] ERROR: Error processing {'title': '', 'imdb_id': '4460792'}
Traceback (most recent call last):
  File "/home/encouse/Documents/api-kinoinfo/j/lib64/python3.7/site-packages/twisted/internet/defer.py", line 654, in _runCallbacks
    current.result = callback(current.result, *args, **kw)
  File "/home/encouse/Documents/api-kinoinfo/j/lib64/python3.7/site-packages/scrapy/utils/defer.py", line 154, in f
    return deferred_from_coro(coro_f(*coro_args, **coro_kwargs))
TypeError: process_item() missing 1 required positional argument: 'spider'
2020-06-22 22:52:18 [scrapy.core.engine] DEBUG: Crawled (200) <GET https://m.imdb.com/whats-on-tv/?ref_=nv_tv_ontv> (referer: https://www.imdb.com/title/tt4460792/)
2020-06-22 22:52:18 [scrapy.core.scraper] ERROR: Error processing {'title': '', 'imdb_id': '4460792'}
Traceback (most recent call last):
  File "/home/encouse/Documents/api-kinoinfo/j/lib64/python3.7/site-packages/twisted/internet/defer.py", line 654, in _runCallbacks
    current.result = callback(current.result, *args, **kw)
  File "/home/encouse/Documents/api-kinoinfo/j/lib64/python3.7/site-packages/scrapy/utils/defer.py", line 154, in f
    return deferred_from_coro(coro_f(*coro_args, **coro_kwargs))
TypeError: process_item() missing 1 required positional argument: 'spider'
2020-06-22 22:52:18 [scrapy.core.engine] DEBUG: Crawled (200) <GET https://www.imdb.com/oscars/?ref_=nv_ev_acd> (referer: https://www.imdb.com/title/tt4460792/)
2020-06-22 22:52:18 [scrapy.core.scraper] ERROR: Error processing {'title': '', 'imdb_id': '4460792'}
Traceback (most recent call last):
  File "/home/encouse/Documents/api-kinoinfo/j/lib64/python3.7/site-packages/twisted/internet/defer.py", line 654, in _runCallbacks
    current.result = callback(current.result, *args, **kw)
  File "/home/encouse/Documents/api-kinoinfo/j/lib64/python3.7/site-packages/scrapy/utils/defer.py", line 154, in f
    return deferred_from_coro(coro_f(*coro_args, **coro_kwargs))
TypeError: process_item() missing 1 required positional argument: 'spider'
2020-06-22 22:52:19 [scrapy.core.engine] DEBUG: Crawled (200) <GET https://www.imdb.com/feature/genre/?ref_=nv_tv_gr> (referer: https://www.imdb.com/title/tt4460792/)
2020-06-22 22:52:19 [scrapy.core.scraper] ERROR: Error processing {'title': '', 'imdb_id': '4460792'}
Traceback (most recent call last):
  File "/home/encouse/Documents/api-kinoinfo/j/lib64/python3.7/site-packages/twisted/internet/defer.py", line 654, in _runCallbacks
    current.result = callback(current.result, *args, **kw)
  File "/home/encouse/Documents/api-kinoinfo/j/lib64/python3.7/site-packages/scrapy/utils/defer.py", line 154, in f
    return deferred_from_coro(coro_f(*coro_args, **coro_kwargs))
TypeError: process_item() missing 1 required positional argument: 'spider'
2020-06-22 22:52:20 [scrapy.core.engine] DEBUG: Crawled (200) <GET https://www.imdb.com/emmys/?ref_=nv_ev_rte> (referer: https://www.imdb.com/title/tt4460792/)
2020-06-22 22:52:20 [scrapy.core.scraper] ERROR: Error processing {'title': '', 'imdb_id': '4460792'}
Traceback (most recent call last):
  File "/home/encouse/Documents/api-kinoinfo/j/lib64/python3.7/site-packages/twisted/internet/defer.py", line 654, in _runCallbacks
    current.result = callback(current.result, *args, **kw)
  File "/home/encouse/Documents/api-kinoinfo/j/lib64/python3.7/site-packages/scrapy/utils/defer.py", line 154, in f
    return deferred_from_coro(coro_f(*coro_args, **coro_kwargs))
TypeError: process_item() missing 1 required positional argument: 'spider'
2020-06-22 22:52:24 [scrapy.core.engine] DEBUG: Crawled (200) <GET https://www.imdb.com/?ref_=nv_home> (referer: https://www.imdb.com/title/tt4460792/)
2020-06-22 22:52:24 [scrapy.core.scraper] ERROR: Error processing {'title': '', 'imdb_id': '4460792'}
Traceback (most recent call last):
  File "/home/encouse/Documents/api-kinoinfo/j/lib64/python3.7/site-packages/twisted/internet/defer.py", line 654, in _runCallbacks
    current.result = callback(current.result, *args, **kw)
  File "/home/encouse/Documents/api-kinoinfo/j/lib64/python3.7/site-packages/scrapy/utils/defer.py", line 154, in f
    return deferred_from_coro(coro_f(*coro_args, **coro_kwargs))
TypeError: process_item() missing 1 required positional argument: 'spider'
2020-06-22 22:52:54 [scrapy.core.engine] DEBUG: Crawled (200) <GET https://www.imdb.com/whats-on-tv/?ref_=nv_tv_ontv> (referer: https://www.imdb.com/title/tt4460792/)
2020-06-22 22:52:54 [scrapy.core.engine] DEBUG: Crawled (200) <GET https://www.imdb.com/india/toprated/?ref_=nv_mv_in> (referer: https://www.imdb.com/title/tt4460792/)
2020-06-22 22:52:54 [scrapy.core.scraper] ERROR: Error processing {'title': '', 'imdb_id': '4460792'}
Traceback (most recent call last):
  File "/home/encouse/Documents/api-kinoinfo/j/lib64/python3.7/site-packages/twisted/internet/defer.py", line 654, in _runCallbacks
    current.result = callback(current.result, *args, **kw)
  File "/home/encouse/Documents/api-kinoinfo/j/lib64/python3.7/site-packages/scrapy/utils/defer.py", line 154, in f
    return deferred_from_coro(coro_f(*coro_args, **coro_kwargs))
TypeError: process_item() missing 1 required positional argument: 'spider'
2020-06-22 22:52:54 [scrapy.core.scraper] ERROR: Error processing {'title': '', 'imdb_id': '4460792'}
Traceback (most recent call last):
  File "/home/encouse/Documents/api-kinoinfo/j/lib64/python3.7/site-packages/twisted/internet/defer.py", line 654, in _runCallbacks
    current.result = callback(current.result, *args, **kw)
  File "/home/encouse/Documents/api-kinoinfo/j/lib64/python3.7/site-packages/scrapy/utils/defer.py", line 154, in f
    return deferred_from_coro(coro_f(*coro_args, **coro_kwargs))
TypeError: process_item() missing 1 required positional argument: 'spider'
2020-06-22 22:52:57 [scrapy.core.engine] DEBUG: Crawled (200) <GET https://www.imdb.com/chart/tvmeter/?ref_=nv_tvv_mptv> (referer: https://www.imdb.com/title/tt4460792/)
2020-06-22 22:52:57 [scrapy.core.scraper] ERROR: Error processing {'title': '', 'imdb_id': '4460792'}
Traceback (most recent call last):
  File "/home/encouse/Documents/api-kinoinfo/j/lib64/python3.7/site-packages/twisted/internet/defer.py", line 654, in _runCallbacks
    current.result = callback(current.result, *args, **kw)
  File "/home/encouse/Documents/api-kinoinfo/j/lib64/python3.7/site-packages/scrapy/utils/defer.py", line 154, in f
    return deferred_from_coro(coro_f(*coro_args, **coro_kwargs))
TypeError: process_item() missing 1 required positional argument: 'spider'
2020-06-22 22:52:59 [scrapy.core.engine] DEBUG: Crawled (200) <GET https://www.imdb.com/search/title/?count=100&groups=oscar_best_picture_winners&sort=year%2Cdesc&ref_=nv_ch_osc> (referer: https://www.imdb.com/title/tt4460792/)
2020-06-22 22:52:59 [scrapy.core.scraper] ERROR: Error processing {'title': '', 'imdb_id': '4460792'}
Traceback (most recent call last):
  File "/home/encouse/Documents/api-kinoinfo/j/lib64/python3.7/site-packages/twisted/internet/defer.py", line 654, in _runCallbacks
    current.result = callback(current.result, *args, **kw)
  File "/home/encouse/Documents/api-kinoinfo/j/lib64/python3.7/site-packages/scrapy/utils/defer.py", line 154, in f
    return deferred_from_coro(coro_f(*coro_args, **coro_kwargs))
TypeError: process_item() missing 1 required positional argument: 'spider'
2020-06-22 22:53:07 [scrapy.extensions.logstats] INFO: Crawled 13 pages (at 10 pages/min), scraped 0 items (at 0 items/min)
2020-06-22 22:53:09 [scrapy.core.engine] DEBUG: Crawled (200) <GET https://www.imdb.com/news/movie/?ref_=nv_nw_mv> (referer: https://www.imdb.com/title/tt4460792/)
2020-06-22 22:53:09 [scrapy.core.scraper] ERROR: Error processing {'title': '', 'imdb_id': '4460792'}
Traceback (most recent call last):
  File "/home/encouse/Documents/api-kinoinfo/j/lib64/python3.7/site-packages/twisted/internet/defer.py", line 654, in _runCallbacks
    current.result = callback(current.result, *args, **kw)
  File "/home/encouse/Documents/api-kinoinfo/j/lib64/python3.7/site-packages/scrapy/utils/defer.py", line 154, in f
    return deferred_from_coro(coro_f(*coro_args, **coro_kwargs))
TypeError: process_item() missing 1 required positional argument: 'spider'
2020-06-22 22:53:10 [scrapy.core.engine] DEBUG: Crawled (200) <GET https://www.imdb.com/golden-globes/?ref_=nv_ev_gg> (referer: https://www.imdb.com/title/tt4460792/)
2020-06-22 22:53:10 [scrapy.core.scraper] ERROR: Error processing {'title': '', 'imdb_id': '4460792'}
Traceback (most recent call last):
  File "/home/encouse/Documents/api-kinoinfo/j/lib64/python3.7/site-packages/twisted/internet/defer.py", line 654, in _runCallbacks
    current.result = callback(current.result, *args, **kw)
  File "/home/encouse/Documents/api-kinoinfo/j/lib64/python3.7/site-packages/scrapy/utils/defer.py", line 154, in f
    return deferred_from_coro(coro_f(*coro_args, **coro_kwargs))
TypeError: process_item() missing 1 required positional argument: 'spider'
2020-06-22 22:53:17 [scrapy.core.engine] DEBUG: Crawled (200) <GET https://www.imdb.com/chart/toptv/?ref_=nv_tvv_250> (referer: https://www.imdb.com/title/tt4460792/)
2020-06-22 22:53:18 [scrapy.core.scraper] ERROR: Error processing {'title': '', 'imdb_id': '4460792'}
Traceback (most recent call last):
  File "/home/encouse/Documents/api-kinoinfo/j/lib64/python3.7/site-packages/twisted/internet/defer.py", line 654, in _runCallbacks
    current.result = callback(current.result, *args, **kw)
  File "/home/encouse/Documents/api-kinoinfo/j/lib64/python3.7/site-packages/scrapy/utils/defer.py", line 154, in f
    return deferred_from_coro(coro_f(*coro_args, **coro_kwargs))
TypeError: process_item() missing 1 required positional argument: 'spider'
2020-06-22 22:53:18 [scrapy.core.engine] ERROR: Scraper close failure
Traceback (most recent call last):
  File "/home/encouse/Documents/api-kinoinfo/j/lib64/python3.7/site-packages/twisted/internet/task.py", line 517, in _oneWorkUnit
    result = next(self._iterator)
StopIteration

During handling of the above exception, another exception occurred:

Traceback (most recent call last):
  File "/home/encouse/Documents/api-kinoinfo/j/lib64/python3.7/site-packages/twisted/internet/defer.py", line 654, in _runCallbacks
    current.result = callback(current.result, *args, **kw)
TypeError: close_spider() missing 1 required positional argument: 'spider'
2020-06-22 22:53:18 [scrapy.statscollectors] INFO: Dumping Scrapy stats:
{'downloader/exception_count': 1,
 'downloader/exception_type_count/twisted.internet.error.DNSLookupError': 1,
 'downloader/request_bytes': 9400,
 'downloader/request_count': 19,
 'downloader/request_method_count/GET': 19,
 'downloader/response_bytes': 3346570,
 'downloader/response_count': 18,
 'downloader/response_status_count/200': 16,
 'downloader/response_status_count/301': 1,
 'downloader/response_status_count/302': 1,
 'dupefilter/filtered': 3,
 'elapsed_time_seconds': 191.106987,
 'finish_reason': 'shutdown',
 'finish_time': datetime.datetime(2020, 6, 22, 22, 53, 18, 170733),
 'log_count/DEBUG': 24,
 'log_count/ERROR': 14,
 'log_count/INFO': 14,
 'memusage/max': 113201152,
 'memusage/startup': 81129472,
 'offsite/domains': 4,
 'offsite/filtered': 4,
 'request_depth_max': 1,
 'response_received_count': 16,
 'retry/count': 1,
 'retry/reason_count/twisted.internet.error.DNSLookupError': 1,
 'robotstxt/request_count': 2,
 'robotstxt/response_count': 2,
 'robotstxt/response_status_count/200': 2,
 'scheduler/dequeued': 16,
 'scheduler/dequeued/memory': 16,
 'scheduler/enqueued': 197,
 'scheduler/enqueued/memory': 197,
 'start_time': datetime.datetime(2020, 6, 22, 22, 50, 7, 63746)}
2020-06-22 22:53:18 [scrapy.core.engine] INFO: Spider closed (shutdown)
